<?xml version="1.0" encoding="UTF-8"?>
<testsuite xmlns:xsi="http://www.w3.org/2001/XMLSchema-instance" xsi:noNamespaceSchemaLocation="https://maven.apache.org/surefire/maven-surefire-plugin/xsd/surefire-test-report.xsd" name="tr.edu.KaradenizTeknik.KaradenizTeknikRest.KaradenizTeknikUniversitesiTest" time="0.058" tests="6" errors="0" skipped="0" failures="0">
  <properties>
[...]
</properties>
  <testcase name="SecimListele3" classname="tr.edu.KaradenizTeknik.KaradenizTeknikRest.KaradenizTeknikUniversitesiTest" time="0.031"/>
  <testcase name="Ekle" classname="tr.edu.KaradenizTeknik.KaradenizTeknikRest.KaradenizTeknikUniversitesiTest" time="0.003"/>
  <testcase name="Listele2" classname="tr.edu.KaradenizTeknik.KaradenizTeknikRest.KaradenizTeknikUniversitesiTest" time="0.002"/>
  <testcase name="Listele" classname="tr.edu.KaradenizTeknik.KaradenizTeknikRest.KaradenizTeknikUniversitesiTest" time="0"/>
  <testcase name="DersSecimleriEkleme" classname="tr.edu.KaradenizTeknik.KaradenizTeknikRest.KaradenizTeknikUniversitesiTest" time="0.001"/>
  <testcase name="Ekleme" classname="tr.edu.KaradenizTeknik.KaradenizTeknikRest.KaradenizTeknikUniversitesiTest" time="0.001"/>
</testsuite>